<?xml version="1.0" encoding="UTF-8"?>
<robot generator="Robot 4.1.3 (Python 3.9.10 on win32)" generated="20220207 16:30:50.759" rpa="false" schemaversion="2">
<suite id="s1" name="01TestCase" source="C:\Users\Ztroperz\PycharmProjects\imtdbTestFramework\TestCases\01TestCase.robot">
<test id="s1-t1" name="Testcase 1 Navigate To Homepage">
<kw name="Open Browser On Homepage" library="Variables-Keywords" type="SETUP">
<kw name="Open Browser" library="SeleniumLibrary">
<arg>${URL}</arg>
<arg>${Browser}</arg>
<doc>Opens a new browser instance to the optional ``url``.</doc>
<msg timestamp="20220207 16:30:50.956" level="INFO">Opening browser 'Chrome' to base url 'http://localhost/'.</msg>
<status status="PASS" starttime="20220207 16:30:50.956" endtime="20220207 16:30:52.534"/>
</kw>
<status status="PASS" starttime="20220207 16:30:50.955" endtime="20220207 16:30:52.535"/>
</kw>
<kw name="Click Button" library="SeleniumLibrary">
<arg>${MovieList}</arg>
<doc>Clicks the button identified by ``locator``.</doc>
<msg timestamp="20220207 16:30:52.536" level="INFO">Clicking button 'css= button'.</msg>
<status status="PASS" starttime="20220207 16:30:52.535" endtime="20220207 16:30:52.609"/>
</kw>
<kw name="Element Text Should Be" library="SeleniumLibrary">
<arg>${AllMovies}</arg>
<arg>All Movies</arg>
<doc>Verifies that element ``locator`` contains exact the text ``expected``.</doc>
<msg timestamp="20220207 16:30:52.611" level="INFO">Verifying element 'css= h2' contains exact text 'All Movies'.</msg>
<status status="PASS" starttime="20220207 16:30:52.610" endtime="20220207 16:30:52.631"/>
</kw>
<kw name="Close Browser" library="SeleniumLibrary" type="TEARDOWN">
<doc>Closes the current browser.</doc>
<status status="PASS" starttime="20220207 16:30:52.632" endtime="20220207 16:30:54.702"/>
</kw>
<doc>This test simply checks if the homepage is available.</doc>
<status status="PASS" starttime="20220207 16:30:50.955" endtime="20220207 16:30:54.703"/>
</test>
<test id="s1-t2" name="Testcase 1 Login">
<kw name="Open Browser On Homepage" library="Variables-Keywords" type="SETUP">
<kw name="Open Browser" library="SeleniumLibrary">
<arg>${URL}</arg>
<arg>${Browser}</arg>
<doc>Opens a new browser instance to the optional ``url``.</doc>
<msg timestamp="20220207 16:30:54.705" level="INFO">Opening browser 'Chrome' to base url 'http://localhost/'.</msg>
<status status="PASS" starttime="20220207 16:30:54.705" endtime="20220207 16:30:56.227"/>
</kw>
<status status="PASS" starttime="20220207 16:30:54.704" endtime="20220207 16:30:56.228"/>
</kw>
<kw name="Login" library="Variables-Keywords">
<kw name="Click Element" library="SeleniumLibrary">
<arg>${Login}</arg>
<doc>Click the element identified by ``locator``.</doc>
<msg timestamp="20220207 16:30:56.229" level="INFO">Clicking element 'css= a[href='/login']'.</msg>
<status status="PASS" starttime="20220207 16:30:56.229" endtime="20220207 16:30:56.268"/>
</kw>
<kw name="Input Text" library="SeleniumLibrary">
<arg>${Username}</arg>
<arg>Nummertwee</arg>
<doc>Types the given ``text`` into the text field identified by ``locator``.</doc>
<msg timestamp="20220207 16:30:56.268" level="INFO">Typing text 'Nummertwee' into text field 'css= input[id="username"]'.</msg>
<status status="PASS" starttime="20220207 16:30:56.268" endtime="20220207 16:30:56.330"/>
</kw>
<kw name="Input Text" library="SeleniumLibrary">
<arg>${Password}</arg>
<arg>Ditwerkt</arg>
<doc>Types the given ``text`` into the text field identified by ``locator``.</doc>
<msg timestamp="20220207 16:30:56.331" level="INFO">Typing text 'Ditwerkt' into text field 'css= input[id="password"]'.</msg>
<status status="PASS" starttime="20220207 16:30:56.330" endtime="20220207 16:30:56.382"/>
</kw>
<kw name="Click Button" library="SeleniumLibrary">
<arg>${SignupSubmit}</arg>
<doc>Clicks the button identified by ``locator``.</doc>
<msg timestamp="20220207 16:30:56.382" level="INFO">Clicking button 'css= button[class= "login__submit"]'.</msg>
<status status="PASS" starttime="20220207 16:30:56.382" endtime="20220207 16:30:56.415"/>
</kw>
<status status="PASS" starttime="20220207 16:30:56.228" endtime="20220207 16:30:56.416"/>
</kw>
<kw name="Validate User Is Logged In" library="Variables-Keywords">
<kw name="Wait Until Element Is Visible" library="SeleniumLibrary">
<arg>${ProfileLink}</arg>
<doc>Waits until the element ``locator`` is visible.</doc>
<status status="PASS" starttime="20220207 16:30:56.416" endtime="20220207 16:30:56.639"/>
</kw>
<status status="PASS" starttime="20220207 16:30:56.416" endtime="20220207 16:30:56.640"/>
</kw>
<kw name="Close Browser" library="SeleniumLibrary" type="TEARDOWN">
<doc>Closes the current browser.</doc>
<status status="PASS" starttime="20220207 16:30:56.640" endtime="20220207 16:30:58.699"/>
</kw>
<doc>The goal of this test is to validate if the login is functional.</doc>
<status status="PASS" starttime="20220207 16:30:54.704" endtime="20220207 16:30:58.700"/>
</test>
<status status="PASS" starttime="20220207 16:30:50.761" endtime="20220207 16:30:58.701"/>
</suite>
<statistics>
<total>
<stat pass="2" fail="0" skip="0">All Tests</stat>
</total>
<tag>
</tag>
<suite>
<stat pass="2" fail="0" skip="0" id="s1" name="01TestCase">01TestCase</stat>
</suite>
</statistics>
<errors>
</errors>
</robot>
